<!DOCTYPE html>
<html lang="en">
<head>
  <meta http-equiv="content-type" content="text/html; charset=utf-8">
  <title>Page not found at /cart/unavailable_dates/c0286193/</title>
  <meta name="robots" content="NONE,NOARCHIVE">
  <style>
    html * { padding:0; margin:0; }
    body * { padding:10px 20px; }
    body * * { padding:0; }
    body { font-family: sans-serif; background:#eee; color:#000; }
    body > :where(header, main, footer) { border-bottom:1px solid #ddd; }
    h1 { font-weight:normal; margin-bottom:.4em; }
    h1 small { font-size:60%; color:#666; font-weight:normal; }
    table { border:none; border-collapse: collapse; width:100%; }
    td, th { vertical-align:top; padding:2px 3px; }
    th { width:12em; text-align:right; color:#666; padding-right:.5em; }
    #info { background:#f6f6f6; }
    #info ol { margin: 0.5em 4em; }
    #info ol li { font-family: monospace; }
    #summary { background: #ffc; }
    #explanation { background:#eee; border-bottom: 0px none; }
    pre.exception_value { font-family: sans-serif; color: #575757; font-size: 1.5em; margin: 10px 0 10px 0; }
  </style>
</head>
<body>
  <header id="summary">
    <h1>Page not found <small>(404)</small></h1>
    
    <table class="meta">
      <tr>
        <th scope="row">Request Method:</th>
        <td>GET</td>
      </tr>
      <tr>
        <th scope="row">Request URL:</th>
        <td>http://127.0.0.1:8080/cart/unavailable_dates/c0286193/</td>
      </tr>
      
    </table>
  </header>

  <main id="info">
    
      <p>
      Using the URLconf defined in <code>projectroot.urls</code>,
      Django tried these URL patterns, in this order:
      </p>
      <ol>
        
          <li>
            
              <code>
                admin/
                
              </code>
            
          </li>
        
          <li>
            
              <code>
                accounts/
                
              </code>
            
          </li>
        
          <li>
            
              <code>
                accounts/
                
              </code>
            
          </li>
        
          <li>
            
              <code>
                
                
              </code>
            
              <code>
                
                [name='all_humans']
              </code>
            
          </li>
        
          <li>
            
              <code>
                
                
              </code>
            
              <code>
                &lt;uuid:category_id&gt;/
                [name='humans_by_category']
              </code>
            
          </li>
        
          <li>
            
              <code>
                
                
              </code>
            
              <code>
                &lt;uuid:category_id&gt;/&lt;uuid:human_id&gt;/
                [name='human_detail']
              </code>
            
          </li>
        
          <li>
            
              <code>
                search/
                
              </code>
            
          </li>
        
          <li>
            
              <code>
                cart/
                
              </code>
            
              <code>
                add/&lt;uuid:human_id&gt;/
                [name='add_cart']
              </code>
            
          </li>
        
          <li>
            
              <code>
                cart/
                
              </code>
            
              <code>
                
                [name='cart_detail']
              </code>
            
          </li>
        
          <li>
            
              <code>
                cart/
                
              </code>
            
              <code>
                remove/&lt;uuid:human_id&gt;/
                [name='cart_remove']
              </code>
            
          </li>
        
          <li>
            
              <code>
                cart/
                
              </code>
            
              <code>
                full_remove/&lt;uuid:human_id&gt;/
                [name='full_remove']
              </code>
            
          </li>
        
          <li>
            
              <code>
                cart/
                
              </code>
            
              <code>
                new_order/
                [name='new_order']
              </code>
            
          </li>
        
          <li>
            
              <code>
                cart/
                
              </code>
            
              <code>
                update_duration/&lt;uuid:human_id&gt;/
                [name='update_duration']
              </code>
            
          </li>
        
          <li>
            
              <code>
                cart/
                
              </code>
            
              <code>
                select_date/
                [name='select_date']
              </code>
            
          </li>
        
          <li>
            
              <code>
                cart/
                
              </code>
            
              <code>
                unavailable_dates/&lt;uuid:human_id&gt;/
                [name='get_unavailable_dates']
              </code>
            
          </li>
        
          <li>
            
              <code>
                order/
                
              </code>
            
          </li>
        
          <li>
            
              <code>
                vouchers/
                
              </code>
            
          </li>
        
          <li>
            
              <code>
                ^media/(?P&lt;path&gt;.*)$
                
              </code>
            
          </li>
        
          <li>
            
              <code>
                ^static/(?P&lt;path&gt;.*)$
                
              </code>
            
          </li>
        
      </ol>
      <p>
        
          The current path, <code>cart/unavailable_dates/c0286193/</code>,
        
        didn’t match any of these.
      </p>
    
  </main>

  <footer id="explanation">
    <p>
      You’re seeing this error because you have <code>DEBUG = True</code> in
      your Django settings file. Change that to <code>False</code>, and Django
      will display a standard 404 page.
    </p>
  </footer>
</body>
</html>
